   Compiling syn v2.0.109
    Checking mio v1.0.3
    Checking num-traits v0.2.19
    Checking socket2 v0.6.1
    Checking libloading v0.8.9
    Checking foldhash v0.1.4
    Checking log v0.4.27
    Checking windows-sys v0.59.0
   Compiling libc v0.2.177
   Compiling windows-targets v0.52.6
   Compiling anyhow v1.0.98
   Compiling slotmap v1.0.7
   Compiling equivalent v1.0.1
    Checking hashbrown v0.15.2
    Checking dioxus-core-types v0.7.2
   Compiling unicode-xid v0.2.6
    Checking icu_locid_transform_data v1.5.0
    Checking unicode-segmentation v1.12.0
    Checking memmap2 v0.9.5
   Compiling cfg-if v1.0.0
   Compiling const_format_proc_macros v0.2.34
   Compiling httparse v1.10.0
    Checking icu_properties_data v1.5.0
   Compiling typenum v1.17.0
   Compiling memchr v2.7.4
    Checking rustc-hash v2.1.1
    Checking icu_normalizer_data v1.5.0
    Checking utf8_iter v1.0.4
   Compiling semver v1.0.25
    Checking longest-increasing-subsequence v0.1.0
   Compiling indexmap v2.7.1
   Compiling pkg-config v0.3.31
    Checking write16 v1.0.0
   Compiling crossbeam-utils v0.8.21
    Checking utf16_iter v1.0.5
   Compiling aho-corasick v1.1.3
    Checking windows-threading v0.1.0
   Compiling either v1.15.0
   Compiling regex-syntax v0.8.5
   Compiling getrandom v0.3.1
   Compiling itertools v0.14.0
    Checking const_format v0.2.34
    Checking form_urlencoded v1.2.1
   Compiling generic-array v0.14.7
   Compiling fnv v1.0.7
    Checking tower-service v0.3.3
   Compiling ident_case v1.0.1
   Compiling lazy-js-bundle v0.7.2
   Compiling native-tls v0.2.14
    Checking ryu v1.0.19
    Checking crossbeam-channel v0.5.15
   Compiling vswhom-sys v0.1.2
   Compiling convert_case v0.8.0
   Compiling proc-macro2-diagnostics v0.10.1
   Compiling glob v0.3.2
    Checking dpi v0.1.1
    Checking raw-window-handle v0.6.2
    Checking lazy_static v1.5.0
   Compiling serde_json v1.0.140
    Checking rand_core v0.9.3
   Compiling thiserror v2.0.12
    Checking try-lock v0.2.5
    Checking base64 v0.22.1
   Compiling dunce v1.0.5
   Compiling clang-sys v1.8.1
    Checking atomic-waker v1.1.2
   Compiling winnow v0.5.40
   Compiling vcpkg v0.2.15
    Checking want v0.3.1
    Checking windows-version v0.1.2
   Compiling regex-automata v0.4.9
   Compiling matrixmultiply v0.3.10
    Checking sync_wrapper v1.0.2
    Checking windows-strings v0.5.1
    Checking windows-result v0.4.1
    Checking httpdate v1.0.3
    Checking tower-layer v0.3.3
   Compiling heck v0.5.0
    Checking dioxus-cli-config v0.7.2
   Compiling bytes v1.11.1
   Compiling synstructure v0.13.1
   Compiling darling_core v0.21.3
error: failed to run custom build command for `clang-sys v1.8.1`

Caused by:
  process didn't exit successfully: `C:\Users\Administrator\WorkBuddy\2026-06-25-12-21-21\komari_upstream\target\debug\build\clang-sys-50b032da866bebf8\build-script-build` (exit code: 101)
  --- stderr

  thread 'main' (18392) panicked at C:\Users\Administrator\.cargo\registry\src\index.crates.io-1949cf8c6b5b557f\clang-sys-1.8.1\build\dynamic.rs:225:45:
  called `Result::unwrap()` on an `Err` value: "couldn't find any valid shared libraries matching: ['clang.dll', 'libclang.dll'], set the `LIBCLANG_PATH` environment variable to a path where one of these files can be found (invalid: [])"
  note: run with `RUST_BACKTRACE=1` environment variable to display a backtrace
warning: build failed, waiting for other jobs to finish...
